#-----------------------------------------------------------
# Vivado v2019.2 (64-bit)
# SW Build 2708876 on Wed Nov  6 21:40:23 MST 2019
# IP Build 2700528 on Thu Nov  7 00:09:20 MST 2019
# Start of session at: Mon Aug 19 15:11:32 2024
# Process ID: 7380
# Current directory: D:/Chang/files/code/verilog/universal interface board/communication test/EMIF/emif_test
# Command line: vivado.exe -gui_launcher_event rodinguilauncherevent15456 D:\Chang\files\code\verilog\universal interface board\communication test\EMIF\emif_test\emif_test.xpr
# Log file: D:/Chang/files/code/verilog/universal interface board/communication test/EMIF/emif_test/vivado.log
# Journal file: D:/Chang/files/code/verilog/universal interface board/communication test/EMIF/emif_test\vivado.jou
#-----------------------------------------------------------
start_gui
open_project {D:/Chang/files/code/verilog/universal interface board/communication test/EMIF/emif_test/emif_test.xpr}
INFO: [ProjectBase 1-489] The host OS only allows 260 characters in a normal path. The project is stored in a path with more than 80 characters. If you experience issues with IP, Block Designs, or files not being found, please consider moving the project to a location with a shorter path. Alternately consider using the OS subst command to map part of the path to a drive letter.
Current project path is 'D:/Chang/files/code/verilog/universal interface board/communication test/EMIF/emif_test'
Scanning sources...
Finished scanning sources
INFO: [IP_Flow 19-234] Refreshing IP repositories
INFO: [IP_Flow 19-1704] No user IP repositories specified
INFO: [IP_Flow 19-2313] Loaded Vivado IP repository 'D:/Chang/software/Vitis/Vivado/2019.2/data/ip'.
open_project: Time (s): cpu = 00:00:12 ; elapsed = 00:00:07 . Memory (MB): peak = 941.730 ; gain = 236.254
update_compile_order -fileset sources_1
exit
INFO: [Common 17-206] Exiting Vivado at Mon Aug 19 15:21:28 2024...
